DEBUG 2015-06-09 21:48:08,379: 	 Executing command: 'status'
DEBUG 2015-06-09 21:48:08,380: 	 Found CRAB cache file /afs/cern.ch/user/c/cheidegg/.crab3
DEBUG 2015-06-09 21:48:08,399: 	 Checking credentials
DEBUG 2015-06-09 21:48:08,399: 	 Found proxy file /tmp/x509up_u66803
DEBUG 2015-06-09 21:48:08,399: 	 Getting proxy life time left
DEBUG 2015-06-09 21:48:09,204: 	 Executing : 
 command : voms-proxy-info -file /tmp/x509up_u66803 -timeleft
 output : 86222

 error: 
 retcode : 0
DEBUG 2015-06-09 21:48:09,710: 	 Executing : 
 command : voms-proxy-info -file /tmp/x509up_u66803 -actimeleft
 output : 86221

 error: 
 retcode : 0
DEBUG 2015-06-09 21:48:09,710: 	 Proxy valid for 23:57:02 hours
DEBUG 2015-06-09 21:48:09,827: 	 Executing : 
 command : openssl x509 -in ~/.globus/usercert.pem -subject -noout
 output : subject= /DC=ch/DC=cern/OU=Organic Units/OU=Users/CN=cheidegg/CN=756816/CN=Constantin Heidegger

 error: WARNING: can't open config file: /build/dmwmbld/srv/state/dmwmbld/builds/comp_gcc481/w/tmp/BUILDROOT/779a792f862039a4ebba572299ebbb36/build/dmwmbld/srv/state/dmwmbld/builds/comp_gcc481/w/slc6_amd64_gcc481/external/openssl/1.0.1m-comp/ssl/openssl.cnf

 retcode : 0
DEBUG 2015-06-09 21:48:09,827: 	 Checking credentials
DEBUG 2015-06-09 21:48:09,827: 	 Found proxy file /tmp/x509up_u66803
DEBUG 2015-06-09 21:48:09,827: 	 Getting proxy life time left
DEBUG 2015-06-09 21:48:10,331: 	 Executing : 
 command : voms-proxy-info -file /tmp/x509up_u66803 -timeleft
 output : 86221

 error: 
 retcode : 0
DEBUG 2015-06-09 21:48:10,837: 	 Executing : 
 command : voms-proxy-info -file /tmp/x509up_u66803 -actimeleft
 output : 86220

 error: 
 retcode : 0
DEBUG 2015-06-09 21:48:10,837: 	 Proxy valid for 23:57:01 hours
DEBUG 2015-06-09 21:48:11,296: 	 Registering user credentials for server /DC=ch/DC=cern/OU=computers/CN=vocms(045|052|021|031).cern.ch
DEBUG 2015-06-09 21:48:11,406: 	 Executing : 
 command : openssl x509 -in ~/.globus/usercert.pem -subject -noout
 output : subject= /DC=ch/DC=cern/OU=Organic Units/OU=Users/CN=cheidegg/CN=756816/CN=Constantin Heidegger

 error: WARNING: can't open config file: /build/dmwmbld/srv/state/dmwmbld/builds/comp_gcc481/w/tmp/BUILDROOT/779a792f862039a4ebba572299ebbb36/build/dmwmbld/srv/state/dmwmbld/builds/comp_gcc481/w/slc6_amd64_gcc481/external/openssl/1.0.1m-comp/ssl/openssl.cnf

 retcode : 0
DEBUG 2015-06-09 21:48:11,406: 	 Getting myproxy life time left for myproxy.cern.ch
DEBUG 2015-06-09 21:48:11,406: 	 Calculating hash of /DC=ch/DC=cern/OU=Organic Units/OU=Users/CN=cheidegg/CN=756816/CN=Constantin Heidegger_cmsweb.cern.ch for credential name
DEBUG 2015-06-09 21:48:11,810: 	 Executing : 
 command : myproxy-info -l 7faaffd8954819267d7c126a4d20774bc88ab24e -s myproxy.cern.ch
 output : username: 7faaffd8954819267d7c126a4d20774bc88ab24e
owner: /DC=ch/DC=cern/OU=Organic Units/OU=Users/CN=cheidegg/CN=756816/CN=Constantin Heidegger
  renewal policy: /DC=ch/DC=cern/OU=computers/CN=vocms(045|052|021|031).cern.ch
  trusted retrieval policy: /DC=ch/DC=cern/OU=computers/CN=vocms(045|052|021|031).cern.ch
  timeleft: 691:08:01  (28.8 days)

 error: 
 retcode : 0
DEBUG 2015-06-09 21:48:11,813: 	 Myproxy is valid: 2488081
DEBUG 2015-06-09 21:48:11,813: 	 Command use: status
DEBUG 2015-06-09 21:48:11,813: 	 Options use: []
DEBUG 2015-06-09 21:48:12,215: 	 CRABClient version: 3.3.1506
DEBUG 2015-06-09 21:48:12,215: 	 Instance is prod
DEBUG 2015-06-09 21:48:12,215: 	 Server base url is cmsweb.cern.ch
DEBUG 2015-06-09 21:48:12,215: 	 Command url /crabserver/prod/workflow
DEBUG 2015-06-09 21:48:12,215: 	 Looking up detailed status of task 150609_194636:cheidegg_crab_SingleMu_Run2015A-PromptReco-v1_RECO
DEBUG 2015-06-09 21:48:13,481: 	 {'status': 'QUEUED', 'schedd': 'crab3-2@vocms0109.cern.ch', 'saveLogs': 'F', 'totalJobdefs': 0, 'jobSetID': '', 'jobsPerStatus': {}, 'taskWarningMsg': [], 'taskFailureMsg': '', 'failedJobdefs': 0, 'jobdefErrors': [], 'collector': 'vocms097.cern.ch,vocms099.cern.ch', 'jobList': []}
INFO 2015-06-09 21:48:13,481: 	 CRAB project directory:		/afs/cern.ch/user/c/cheidegg/p/CMSSW_7_4_4_patch2/src/MetScanning/skim/crab/2015-06-09_runa/crab_SingleMu_Run2015A-PromptReco-v1_RECO
INFO 2015-06-09 21:48:13,481: 	 Task name:			150609_194636:cheidegg_crab_SingleMu_Run2015A-PromptReco-v1_RECO
INFO 2015-06-09 21:48:13,481: 	 Task status:			QUEUED
INFO 2015-06-09 21:48:13,481: 	 
No jobs created yet!
