DEBUG 2015-06-11 18:24:19,093: 	 Executing command: 'status'
DEBUG 2015-06-11 18:24:19,094: 	 Found CRAB cache file /afs/cern.ch/user/c/cheidegg/.crab3
DEBUG 2015-06-11 18:24:19,104: 	 Checking credentials
DEBUG 2015-06-11 18:24:19,104: 	 Found proxy file /tmp/x509up_u66803
DEBUG 2015-06-11 18:24:19,104: 	 Getting proxy life time left
DEBUG 2015-06-11 18:24:19,812: 	 Executing : 
 command : voms-proxy-info -file /tmp/x509up_u66803 -timeleft
 output : 85599

 error: 
 retcode : 0
DEBUG 2015-06-11 18:24:20,319: 	 Executing : 
 command : voms-proxy-info -file /tmp/x509up_u66803 -actimeleft
 output : 85598

 error: 
 retcode : 0
DEBUG 2015-06-11 18:24:20,320: 	 Proxy valid for 23:46:39 hours
DEBUG 2015-06-11 18:24:20,449: 	 Executing : 
 command : openssl x509 -in ~/.globus/usercert.pem -subject -noout
 output : subject= /DC=ch/DC=cern/OU=Organic Units/OU=Users/CN=cheidegg/CN=756816/CN=Constantin Heidegger

 error: WARNING: can't open config file: /build/dmwmbld/srv/state/dmwmbld/builds/comp_gcc481/w/tmp/BUILDROOT/779a792f862039a4ebba572299ebbb36/build/dmwmbld/srv/state/dmwmbld/builds/comp_gcc481/w/slc6_amd64_gcc481/external/openssl/1.0.1m-comp/ssl/openssl.cnf

 retcode : 0
DEBUG 2015-06-11 18:24:20,450: 	 Checking credentials
DEBUG 2015-06-11 18:24:20,450: 	 Found proxy file /tmp/x509up_u66803
DEBUG 2015-06-11 18:24:20,450: 	 Getting proxy life time left
DEBUG 2015-06-11 18:24:20,958: 	 Executing : 
 command : voms-proxy-info -file /tmp/x509up_u66803 -timeleft
 output : 85598

 error: 
 retcode : 0
DEBUG 2015-06-11 18:24:21,465: 	 Executing : 
 command : voms-proxy-info -file /tmp/x509up_u66803 -actimeleft
 output : 85597

 error: 
 retcode : 0
DEBUG 2015-06-11 18:24:21,465: 	 Proxy valid for 23:46:38 hours
DEBUG 2015-06-11 18:24:21,792: 	 Registering user credentials for server /DC=ch/DC=cern/OU=computers/CN=vocms(045|052|021|031).cern.ch
DEBUG 2015-06-11 18:24:21,906: 	 Executing : 
 command : openssl x509 -in ~/.globus/usercert.pem -subject -noout
 output : subject= /DC=ch/DC=cern/OU=Organic Units/OU=Users/CN=cheidegg/CN=756816/CN=Constantin Heidegger

 error: WARNING: can't open config file: /build/dmwmbld/srv/state/dmwmbld/builds/comp_gcc481/w/tmp/BUILDROOT/779a792f862039a4ebba572299ebbb36/build/dmwmbld/srv/state/dmwmbld/builds/comp_gcc481/w/slc6_amd64_gcc481/external/openssl/1.0.1m-comp/ssl/openssl.cnf

 retcode : 0
DEBUG 2015-06-11 18:24:21,907: 	 Getting myproxy life time left for myproxy.cern.ch
DEBUG 2015-06-11 18:24:21,907: 	 Calculating hash of /DC=ch/DC=cern/OU=Organic Units/OU=Users/CN=cheidegg/CN=756816/CN=Constantin Heidegger_cmsweb.cern.ch for credential name
DEBUG 2015-06-11 18:24:22,313: 	 Executing : 
 command : myproxy-info -l 7faaffd8954819267d7c126a4d20774bc88ab24e -s myproxy.cern.ch
 output : username: 7faaffd8954819267d7c126a4d20774bc88ab24e
owner: /DC=ch/DC=cern/OU=Organic Units/OU=Users/CN=cheidegg/CN=756816/CN=Constantin Heidegger
  renewal policy: /DC=ch/DC=cern/OU=computers/CN=vocms(045|052|021|031).cern.ch
  trusted retrieval policy: /DC=ch/DC=cern/OU=computers/CN=vocms(045|052|021|031).cern.ch
  timeleft: 646:31:50  (26.9 days)

 error: 
 retcode : 0
DEBUG 2015-06-11 18:24:22,314: 	 Myproxy is valid: 2327510
DEBUG 2015-06-11 18:24:22,314: 	 Command use: status
DEBUG 2015-06-11 18:24:22,315: 	 Options use: ['--dir=2015-06-12_runa_flat2/crab_EGamma_Run2015A-PromptReco-v1_RECO/']
DEBUG 2015-06-11 18:24:22,594: 	 CRABClient version: 3.3.1506
DEBUG 2015-06-11 18:24:22,594: 	 Instance is prod
DEBUG 2015-06-11 18:24:22,594: 	 Server base url is cmsweb.cern.ch
DEBUG 2015-06-11 18:24:22,594: 	 Command url /crabserver/prod/workflow
DEBUG 2015-06-11 18:24:22,594: 	 Looking up detailed status of task 150611_162237:cheidegg_crab_EGamma_Run2015A-PromptReco-v1_RECO
DEBUG 2015-06-11 18:24:24,626: 	 {'status': 'SUBMITTED', 'schedd': 'crab3test-2@vocms095.cern.ch', 'saveLogs': 'F', 'jobsPerStatus': {'idle': 5, 'unsubmitted': 113}, 'jobs': {'41': {'State': 'unsubmitted'}, '24': {'State': 'unsubmitted'}, '25': {'State': 'unsubmitted'}, '26': {'State': 'unsubmitted'}, '27': {'State': 'unsubmitted'}, '20': {'State': 'unsubmitted'}, '21': {'State': 'unsubmitted'}, '22': {'State': 'unsubmitted'}, '23': {'State': 'unsubmitted'}, '28': {'State': 'unsubmitted'}, '29': {'State': 'unsubmitted'}, '4': {'State': 'idle'}, '8': {'State': 'unsubmitted'}, '59': {'State': 'unsubmitted'}, '58': {'State': 'unsubmitted'}, '55': {'State': 'unsubmitted'}, '54': {'State': 'unsubmitted'}, '57': {'State': 'unsubmitted'}, '56': {'State': 'unsubmitted'}, '51': {'State': 'unsubmitted'}, '50': {'State': 'unsubmitted'}, '53': {'State': 'unsubmitted'}, '52': {'State': 'unsubmitted'}, '115': {'State': 'unsubmitted'}, '114': {'State': 'unsubmitted'}, '88': {'State': 'unsubmitted'}, '89': {'State': 'unsubmitted'}, '111': {'State': 'unsubmitted'}, '110': {'State': 'unsubmitted'}, '113': {'State': 'unsubmitted'}, '112': {'State': 'unsubmitted'}, '82': {'State': 'unsubmitted'}, '83': {'State': 'unsubmitted'}, '80': {'State': 'unsubmitted'}, '81': {'State': 'unsubmitted'}, '86': {'State': 'unsubmitted'}, '118': {'State': 'unsubmitted'}, '84': {'State': 'unsubmitted'}, '85': {'State': 'unsubmitted'}, '3': {'State': 'idle'}, '7': {'State': 'unsubmitted'}, '108': {'State': 'unsubmitted'}, '109': {'State': 'unsubmitted'}, '102': {'State': 'unsubmitted'}, '103': {'State': 'unsubmitted'}, '100': {'State': 'unsubmitted'}, '101': {'State': 'unsubmitted'}, '106': {'State': 'unsubmitted'}, '107': {'State': 'unsubmitted'}, '104': {'State': 'unsubmitted'}, '105': {'State': 'unsubmitted'}, '39': {'State': 'unsubmitted'}, '38': {'State': 'unsubmitted'}, '33': {'State': 'unsubmitted'}, '32': {'State': 'unsubmitted'}, '31': {'State': 'unsubmitted'}, '30': {'State': 'unsubmitted'}, '37': {'State': 'unsubmitted'}, '36': {'State': 'unsubmitted'}, '35': {'State': 'unsubmitted'}, '34': {'State': 'unsubmitted'}, '60': {'State': 'unsubmitted'}, '61': {'State': 'unsubmitted'}, '62': {'State': 'unsubmitted'}, '63': {'State': 'unsubmitted'}, '64': {'State': 'unsubmitted'}, '65': {'State': 'unsubmitted'}, '66': {'State': 'unsubmitted'}, '67': {'State': 'unsubmitted'}, '68': {'State': 'unsubmitted'}, '69': {'State': 'unsubmitted'}, '2': {'State': 'idle'}, '6': {'State': 'unsubmitted'}, '99': {'State': 'unsubmitted'}, '98': {'State': 'unsubmitted'}, '91': {'State': 'unsubmitted'}, '90': {'State': 'unsubmitted'}, '93': {'State': 'unsubmitted'}, '92': {'State': 'unsubmitted'}, '95': {'State': 'unsubmitted'}, '94': {'State': 'unsubmitted'}, '97': {'State': 'unsubmitted'}, '96': {'State': 'unsubmitted'}, '11': {'State': 'unsubmitted'}, '10': {'State': 'unsubmitted'}, '13': {'State': 'unsubmitted'}, '12': {'State': 'unsubmitted'}, '15': {'State': 'unsubmitted'}, '14': {'State': 'unsubmitted'}, '17': {'State': 'unsubmitted'}, '16': {'State': 'unsubmitted'}, '19': {'State': 'unsubmitted'}, '18': {'State': 'unsubmitted'}, '117': {'State': 'unsubmitted'}, '116': {'State': 'unsubmitted'}, '48': {'State': 'unsubmitted'}, '49': {'State': 'unsubmitted'}, '46': {'State': 'unsubmitted'}, '47': {'State': 'unsubmitted'}, '44': {'State': 'unsubmitted'}, '45': {'State': 'unsubmitted'}, '42': {'State': 'unsubmitted'}, '43': {'State': 'unsubmitted'}, '40': {'State': 'unsubmitted'}, '87': {'State': 'unsubmitted'}, '1': {'State': 'idle'}, '5': {'State': 'idle'}, '9': {'State': 'unsubmitted'}, '77': {'State': 'unsubmitted'}, '76': {'State': 'unsubmitted'}, '75': {'State': 'unsubmitted'}, '74': {'State': 'unsubmitted'}, '73': {'State': 'unsubmitted'}, '72': {'State': 'unsubmitted'}, '71': {'State': 'unsubmitted'}, '70': {'State': 'unsubmitted'}, '79': {'State': 'unsubmitted'}, '78': {'State': 'unsubmitted'}}, 'publication': {'disabled': []}, 'taskWarningMsg': [], 'outdatasets': None, 'taskFailureMsg': '', 'failedJobdefs': 0, 'ASOURL': 'https://cmsweb.cern.ch/couchdb', 'pool': {}, 'totalJobdefs': 0, 'jobSetID': '150611_162237:cheidegg_crab_EGamma_Run2015A-PromptReco-v1_RECO', 'jobdefErrors': [], 'collector': 'vocms097.cern.ch,vocms099.cern.ch', 'jobList': [['unsubmitted', 24], ['unsubmitted', 25], ['unsubmitted', 26], ['unsubmitted', 27], ['unsubmitted', 20], ['unsubmitted', 21], ['unsubmitted', 22], ['unsubmitted', 23], ['unsubmitted', 28], ['unsubmitted', 29], ['idle', 4], ['unsubmitted', 8], ['unsubmitted', 118], ['unsubmitted', 59], ['unsubmitted', 58], ['unsubmitted', 55], ['unsubmitted', 54], ['unsubmitted', 57], ['unsubmitted', 56], ['unsubmitted', 51], ['unsubmitted', 50], ['unsubmitted', 53], ['unsubmitted', 52], ['unsubmitted', 115], ['unsubmitted', 114], ['unsubmitted', 88], ['unsubmitted', 89], ['unsubmitted', 111], ['unsubmitted', 110], ['unsubmitted', 113], ['unsubmitted', 112], ['unsubmitted', 82], ['unsubmitted', 83], ['unsubmitted', 80], ['unsubmitted', 81], ['unsubmitted', 86], ['unsubmitted', 87], ['unsubmitted', 84], ['unsubmitted', 85], ['idle', 3], ['unsubmitted', 7], ['unsubmitted', 108], ['unsubmitted', 109], ['unsubmitted', 102], ['unsubmitted', 103], ['unsubmitted', 100], ['unsubmitted', 101], ['unsubmitted', 106], ['unsubmitted', 107], ['unsubmitted', 104], ['unsubmitted', 105], ['unsubmitted', 39], ['unsubmitted', 38], ['unsubmitted', 33], ['unsubmitted', 32], ['unsubmitted', 31], ['unsubmitted', 30], ['unsubmitted', 37], ['unsubmitted', 36], ['unsubmitted', 35], ['unsubmitted', 34], ['unsubmitted', 60], ['unsubmitted', 61], ['unsubmitted', 62], ['unsubmitted', 63], ['unsubmitted', 64], ['unsubmitted', 65], ['unsubmitted', 66], ['unsubmitted', 67], ['unsubmitted', 68], ['unsubmitted', 69], ['idle', 2], ['unsubmitted', 6], ['unsubmitted', 99], ['unsubmitted', 98], ['unsubmitted', 91], ['unsubmitted', 90], ['unsubmitted', 93], ['unsubmitted', 92], ['unsubmitted', 95], ['unsubmitted', 94], ['unsubmitted', 97], ['unsubmitted', 96], ['unsubmitted', 11], ['unsubmitted', 10], ['unsubmitted', 13], ['unsubmitted', 12], ['unsubmitted', 15], ['unsubmitted', 14], ['unsubmitted', 17], ['unsubmitted', 16], ['unsubmitted', 19], ['unsubmitted', 18], ['unsubmitted', 117], ['unsubmitted', 116], ['unsubmitted', 48], ['unsubmitted', 49], ['unsubmitted', 46], ['unsubmitted', 47], ['unsubmitted', 44], ['unsubmitted', 45], ['unsubmitted', 42], ['unsubmitted', 43], ['unsubmitted', 40], ['unsubmitted', 41], ['idle', 1], ['idle', 5], ['unsubmitted', 9], ['unsubmitted', 77], ['unsubmitted', 76], ['unsubmitted', 75], ['unsubmitted', 74], ['unsubmitted', 73], ['unsubmitted', 72], ['unsubmitted', 71], ['unsubmitted', 70], ['unsubmitted', 79], ['unsubmitted', 78]]}
INFO 2015-06-11 18:24:24,626: 	 CRAB project directory:		/afs/cern.ch/user/c/cheidegg/p/CMSSW_7_4_4_patch2/src/MetScanning/skim/crab/2015-06-12_runa_flat2/crab_EGamma_Run2015A-PromptReco-v1_RECO
INFO 2015-06-11 18:24:24,626: 	 Task name:			150611_162237:cheidegg_crab_EGamma_Run2015A-PromptReco-v1_RECO
INFO 2015-06-11 18:24:24,626: 	 Task status:			SUBMITTED
INFO 2015-06-11 18:24:24,626: 	 Glidemon monitoring URL:	http://glidemon.web.cern.ch/glidemon/jobs.php?taskname=150611_162237%3Acheidegg_crab_EGamma_Run2015A-PromptReco-v1_RECO
INFO 2015-06-11 18:24:24,626: 	 Dashboard monitoring URL:	http://dashb-cms-job.cern.ch/dashboard/templates/task-analysis/#user=crab&refresh=0&table=Jobs&p=1&records=25&activemenu=2&status=&site=&tid=150611_162237%3Acheidegg_crab_EGamma_Run2015A-PromptReco-v1_RECO
INFO 2015-06-11 18:24:24,626: 	 Details:			idle            4.2% (  5/118)
INFO 2015-06-11 18:24:24,626: 	 				unsubmitted    95.8% (113/118)
INFO 2015-06-11 18:24:24,627: 	 
No publication information (publication has been disabled in the CRAB configuration file)
