DEBUG 2015-06-11 18:18:12,901: 	 Executing command: 'kill'
DEBUG 2015-06-11 18:18:12,901: 	 Found CRAB cache file /afs/cern.ch/user/c/cheidegg/.crab3
DEBUG 2015-06-11 18:18:12,907: 	 Checking credentials
DEBUG 2015-06-11 18:18:12,908: 	 Found proxy file /tmp/x509up_u66803
DEBUG 2015-06-11 18:18:12,908: 	 Getting proxy life time left
DEBUG 2015-06-11 18:18:13,412: 	 Executing : 
 command : voms-proxy-info -file /tmp/x509up_u66803 -timeleft
 output : 85965

 error: 
 retcode : 0
DEBUG 2015-06-11 18:18:13,820: 	 Executing : 
 command : voms-proxy-info -file /tmp/x509up_u66803 -actimeleft
 output : 85965

 error: 
 retcode : 0
DEBUG 2015-06-11 18:18:13,820: 	 Proxy valid for 23:52:45 hours
DEBUG 2015-06-11 18:18:14,014: 	 Executing : 
 command : openssl x509 -in ~/.globus/usercert.pem -subject -noout
 output : subject= /DC=ch/DC=cern/OU=Organic Units/OU=Users/CN=cheidegg/CN=756816/CN=Constantin Heidegger

 error: WARNING: can't open config file: /build/dmwmbld/srv/state/dmwmbld/builds/comp_gcc481/w/tmp/BUILDROOT/779a792f862039a4ebba572299ebbb36/build/dmwmbld/srv/state/dmwmbld/builds/comp_gcc481/w/slc6_amd64_gcc481/external/openssl/1.0.1m-comp/ssl/openssl.cnf

 retcode : 0
DEBUG 2015-06-11 18:18:14,014: 	 Checking credentials
DEBUG 2015-06-11 18:18:14,015: 	 Found proxy file /tmp/x509up_u66803
DEBUG 2015-06-11 18:18:14,015: 	 Getting proxy life time left
DEBUG 2015-06-11 18:18:14,422: 	 Executing : 
 command : voms-proxy-info -file /tmp/x509up_u66803 -timeleft
 output : 85964

 error: 
 retcode : 0
DEBUG 2015-06-11 18:18:14,929: 	 Executing : 
 command : voms-proxy-info -file /tmp/x509up_u66803 -actimeleft
 output : 85964

 error: 
 retcode : 0
DEBUG 2015-06-11 18:18:14,929: 	 Proxy valid for 23:52:44 hours
DEBUG 2015-06-11 18:18:15,193: 	 Registering user credentials for server /DC=ch/DC=cern/OU=computers/CN=vocms(045|052|021|031).cern.ch
DEBUG 2015-06-11 18:18:15,301: 	 Executing : 
 command : openssl x509 -in ~/.globus/usercert.pem -subject -noout
 output : subject= /DC=ch/DC=cern/OU=Organic Units/OU=Users/CN=cheidegg/CN=756816/CN=Constantin Heidegger

 error: WARNING: can't open config file: /build/dmwmbld/srv/state/dmwmbld/builds/comp_gcc481/w/tmp/BUILDROOT/779a792f862039a4ebba572299ebbb36/build/dmwmbld/srv/state/dmwmbld/builds/comp_gcc481/w/slc6_amd64_gcc481/external/openssl/1.0.1m-comp/ssl/openssl.cnf

 retcode : 0
DEBUG 2015-06-11 18:18:15,301: 	 Getting myproxy life time left for myproxy.cern.ch
DEBUG 2015-06-11 18:18:15,301: 	 Calculating hash of /DC=ch/DC=cern/OU=Organic Units/OU=Users/CN=cheidegg/CN=756816/CN=Constantin Heidegger_cmsweb.cern.ch for credential name
DEBUG 2015-06-11 18:18:15,706: 	 Executing : 
 command : myproxy-info -l 7faaffd8954819267d7c126a4d20774bc88ab24e -s myproxy.cern.ch
 output : username: 7faaffd8954819267d7c126a4d20774bc88ab24e
owner: /DC=ch/DC=cern/OU=Organic Units/OU=Users/CN=cheidegg/CN=756816/CN=Constantin Heidegger
  renewal policy: /DC=ch/DC=cern/OU=computers/CN=vocms(045|052|021|031).cern.ch
  trusted retrieval policy: /DC=ch/DC=cern/OU=computers/CN=vocms(045|052|021|031).cern.ch
  timeleft: 646:37:57  (26.9 days)

 error: 
 retcode : 0
DEBUG 2015-06-11 18:18:15,707: 	 Myproxy is valid: 2327877
DEBUG 2015-06-11 18:18:15,707: 	 Command use: kill
DEBUG 2015-06-11 18:18:15,707: 	 Options use: ['--dir=2015-06-12_runa_flat/crab_Jet_Run2015A-PromptReco-v1_RECO/']
DEBUG 2015-06-11 18:18:15,947: 	 CRABClient version: 3.3.1506
DEBUG 2015-06-11 18:18:15,948: 	 Instance is prod
DEBUG 2015-06-11 18:18:15,948: 	 Server base url is cmsweb.cern.ch
DEBUG 2015-06-11 18:18:15,948: 	 Command url /crabserver/prod/workflow
DEBUG 2015-06-11 18:18:15,948: 	 Killing task 150611_161132:cheidegg_crab_Jet_Run2015A-PromptReco-v1_RECO
DEBUG 2015-06-11 18:18:17,332: 	 Result: {'result': [{'result': 'ok'}], 'desc': {'columns': ['tm_taskname', 'panda_jobset_id', 'tm_task_status', 'tm_user_role', 'tm_user_group', 'tm_task_failure', 'tm_split_args', 'panda_resubmitted_jobs', 'tm_save_logs', 'tm_username', 'tm_user_dn', 'tm_arguments', 'tm_input_dataset', 'tm_dbs_url', 'tm_task_warnings', 'tm_publication', 'tm_user_webdir', 'tm_asourl', 'tm_output_dataset', 'tm_collector', 'tm_schedd', 'tm_dry_run']}}
INFO 2015-06-11 18:18:17,333: 	 Kill request successfully sent
