DEBUG 2015-06-11 18:19:29,014: 	 Executing command: 'kill'
DEBUG 2015-06-11 18:19:29,015: 	 Found CRAB cache file /afs/cern.ch/user/c/cheidegg/.crab3
DEBUG 2015-06-11 18:19:29,021: 	 Checking credentials
DEBUG 2015-06-11 18:19:29,021: 	 Found proxy file /tmp/x509up_u66803
DEBUG 2015-06-11 18:19:29,021: 	 Getting proxy life time left
DEBUG 2015-06-11 18:19:29,526: 	 Executing : 
 command : voms-proxy-info -file /tmp/x509up_u66803 -timeleft
 output : 85889

 error: 
 retcode : 0
DEBUG 2015-06-11 18:19:30,036: 	 Executing : 
 command : voms-proxy-info -file /tmp/x509up_u66803 -actimeleft
 output : 85888

 error: 
 retcode : 0
DEBUG 2015-06-11 18:19:30,037: 	 Proxy valid for 23:51:29 hours
DEBUG 2015-06-11 18:19:30,149: 	 Executing : 
 command : openssl x509 -in ~/.globus/usercert.pem -subject -noout
 output : subject= /DC=ch/DC=cern/OU=Organic Units/OU=Users/CN=cheidegg/CN=756816/CN=Constantin Heidegger

 error: WARNING: can't open config file: /build/dmwmbld/srv/state/dmwmbld/builds/comp_gcc481/w/tmp/BUILDROOT/779a792f862039a4ebba572299ebbb36/build/dmwmbld/srv/state/dmwmbld/builds/comp_gcc481/w/slc6_amd64_gcc481/external/openssl/1.0.1m-comp/ssl/openssl.cnf

 retcode : 0
DEBUG 2015-06-11 18:19:30,149: 	 Checking credentials
DEBUG 2015-06-11 18:19:30,149: 	 Found proxy file /tmp/x509up_u66803
DEBUG 2015-06-11 18:19:30,149: 	 Getting proxy life time left
DEBUG 2015-06-11 18:19:30,555: 	 Executing : 
 command : voms-proxy-info -file /tmp/x509up_u66803 -timeleft
 output : 85888

 error: 
 retcode : 0
DEBUG 2015-06-11 18:19:30,962: 	 Executing : 
 command : voms-proxy-info -file /tmp/x509up_u66803 -actimeleft
 output : 85888

 error: 
 retcode : 0
DEBUG 2015-06-11 18:19:30,962: 	 Proxy valid for 23:51:28 hours
DEBUG 2015-06-11 18:19:31,241: 	 Registering user credentials for server /DC=ch/DC=cern/OU=computers/CN=vocms(045|052|021|031).cern.ch
DEBUG 2015-06-11 18:19:31,349: 	 Executing : 
 command : openssl x509 -in ~/.globus/usercert.pem -subject -noout
 output : subject= /DC=ch/DC=cern/OU=Organic Units/OU=Users/CN=cheidegg/CN=756816/CN=Constantin Heidegger

 error: WARNING: can't open config file: /build/dmwmbld/srv/state/dmwmbld/builds/comp_gcc481/w/tmp/BUILDROOT/779a792f862039a4ebba572299ebbb36/build/dmwmbld/srv/state/dmwmbld/builds/comp_gcc481/w/slc6_amd64_gcc481/external/openssl/1.0.1m-comp/ssl/openssl.cnf

 retcode : 0
DEBUG 2015-06-11 18:19:31,350: 	 Getting myproxy life time left for myproxy.cern.ch
DEBUG 2015-06-11 18:19:31,350: 	 Calculating hash of /DC=ch/DC=cern/OU=Organic Units/OU=Users/CN=cheidegg/CN=756816/CN=Constantin Heidegger_cmsweb.cern.ch for credential name
DEBUG 2015-06-11 18:19:31,554: 	 Executing : 
 command : myproxy-info -l 7faaffd8954819267d7c126a4d20774bc88ab24e -s myproxy.cern.ch
 output : username: 7faaffd8954819267d7c126a4d20774bc88ab24e
owner: /DC=ch/DC=cern/OU=Organic Units/OU=Users/CN=cheidegg/CN=756816/CN=Constantin Heidegger
  renewal policy: /DC=ch/DC=cern/OU=computers/CN=vocms(045|052|021|031).cern.ch
  trusted retrieval policy: /DC=ch/DC=cern/OU=computers/CN=vocms(045|052|021|031).cern.ch
  timeleft: 646:36:41  (26.9 days)

 error: 
 retcode : 0
DEBUG 2015-06-11 18:19:31,555: 	 Myproxy is valid: 2327801
DEBUG 2015-06-11 18:19:31,555: 	 Command use: kill
DEBUG 2015-06-11 18:19:31,555: 	 Options use: ['--dir=2015-06-12_runa_flat/crab_ZeroBias4_Run2015A-PromptReco-v1_RECO/']
DEBUG 2015-06-11 18:19:31,839: 	 CRABClient version: 3.3.1506
DEBUG 2015-06-11 18:19:31,840: 	 Instance is prod
DEBUG 2015-06-11 18:19:31,840: 	 Server base url is cmsweb.cern.ch
DEBUG 2015-06-11 18:19:31,840: 	 Command url /crabserver/prod/workflow
DEBUG 2015-06-11 18:19:31,840: 	 Killing task 150611_161155:cheidegg_crab_ZeroBias4_Run2015A-PromptReco-v1_RECO
DEBUG 2015-06-11 18:19:37,320: 	 Result: {'result': [{'result': 'ok'}], 'desc': {'columns': ['tm_taskname', 'panda_jobset_id', 'tm_task_status', 'tm_user_role', 'tm_user_group', 'tm_task_failure', 'tm_split_args', 'panda_resubmitted_jobs', 'tm_save_logs', 'tm_username', 'tm_user_dn', 'tm_arguments', 'tm_input_dataset', 'tm_dbs_url', 'tm_task_warnings', 'tm_publication', 'tm_user_webdir', 'tm_asourl', 'tm_output_dataset', 'tm_collector', 'tm_schedd', 'tm_dry_run']}}
INFO 2015-06-11 18:19:37,320: 	 Kill request successfully sent
