DEBUG 2015-06-11 18:20:16,722: 	 Executing command: 'kill'
DEBUG 2015-06-11 18:20:16,723: 	 Found CRAB cache file /afs/cern.ch/user/c/cheidegg/.crab3
DEBUG 2015-06-11 18:20:16,737: 	 Checking credentials
DEBUG 2015-06-11 18:20:16,738: 	 Found proxy file /tmp/x509up_u66803
DEBUG 2015-06-11 18:20:16,738: 	 Getting proxy life time left
DEBUG 2015-06-11 18:20:17,143: 	 Executing : 
 command : voms-proxy-info -file /tmp/x509up_u66803 -timeleft
 output : 85841

 error: 
 retcode : 0
DEBUG 2015-06-11 18:20:17,547: 	 Executing : 
 command : voms-proxy-info -file /tmp/x509up_u66803 -actimeleft
 output : 85841

 error: 
 retcode : 0
DEBUG 2015-06-11 18:20:17,548: 	 Proxy valid for 23:50:41 hours
DEBUG 2015-06-11 18:20:17,722: 	 Executing : 
 command : openssl x509 -in ~/.globus/usercert.pem -subject -noout
 output : subject= /DC=ch/DC=cern/OU=Organic Units/OU=Users/CN=cheidegg/CN=756816/CN=Constantin Heidegger

 error: WARNING: can't open config file: /build/dmwmbld/srv/state/dmwmbld/builds/comp_gcc481/w/tmp/BUILDROOT/779a792f862039a4ebba572299ebbb36/build/dmwmbld/srv/state/dmwmbld/builds/comp_gcc481/w/slc6_amd64_gcc481/external/openssl/1.0.1m-comp/ssl/openssl.cnf

 retcode : 0
DEBUG 2015-06-11 18:20:17,722: 	 Checking credentials
DEBUG 2015-06-11 18:20:17,722: 	 Found proxy file /tmp/x509up_u66803
DEBUG 2015-06-11 18:20:17,722: 	 Getting proxy life time left
DEBUG 2015-06-11 18:20:18,127: 	 Executing : 
 command : voms-proxy-info -file /tmp/x509up_u66803 -timeleft
 output : 85840

 error: 
 retcode : 0
DEBUG 2015-06-11 18:20:18,631: 	 Executing : 
 command : voms-proxy-info -file /tmp/x509up_u66803 -actimeleft
 output : 85840

 error: 
 retcode : 0
DEBUG 2015-06-11 18:20:18,632: 	 Proxy valid for 23:50:40 hours
DEBUG 2015-06-11 18:20:18,876: 	 Registering user credentials for server /DC=ch/DC=cern/OU=computers/CN=vocms(045|052|021|031).cern.ch
DEBUG 2015-06-11 18:20:18,986: 	 Executing : 
 command : openssl x509 -in ~/.globus/usercert.pem -subject -noout
 output : subject= /DC=ch/DC=cern/OU=Organic Units/OU=Users/CN=cheidegg/CN=756816/CN=Constantin Heidegger

 error: WARNING: can't open config file: /build/dmwmbld/srv/state/dmwmbld/builds/comp_gcc481/w/tmp/BUILDROOT/779a792f862039a4ebba572299ebbb36/build/dmwmbld/srv/state/dmwmbld/builds/comp_gcc481/w/slc6_amd64_gcc481/external/openssl/1.0.1m-comp/ssl/openssl.cnf

 retcode : 0
DEBUG 2015-06-11 18:20:18,987: 	 Getting myproxy life time left for myproxy.cern.ch
DEBUG 2015-06-11 18:20:18,987: 	 Calculating hash of /DC=ch/DC=cern/OU=Organic Units/OU=Users/CN=cheidegg/CN=756816/CN=Constantin Heidegger_cmsweb.cern.ch for credential name
DEBUG 2015-06-11 18:20:19,391: 	 Executing : 
 command : myproxy-info -l 7faaffd8954819267d7c126a4d20774bc88ab24e -s myproxy.cern.ch
 output : username: 7faaffd8954819267d7c126a4d20774bc88ab24e
owner: /DC=ch/DC=cern/OU=Organic Units/OU=Users/CN=cheidegg/CN=756816/CN=Constantin Heidegger
  renewal policy: /DC=ch/DC=cern/OU=computers/CN=vocms(045|052|021|031).cern.ch
  trusted retrieval policy: /DC=ch/DC=cern/OU=computers/CN=vocms(045|052|021|031).cern.ch
  timeleft: 646:35:53  (26.9 days)

 error: 
 retcode : 0
DEBUG 2015-06-11 18:20:19,392: 	 Myproxy is valid: 2327753
DEBUG 2015-06-11 18:20:19,392: 	 Command use: kill
DEBUG 2015-06-11 18:20:19,392: 	 Options use: ['--dir=2015-06-12_runa_flat/crab_ZeroBias8_Run2015A-PromptReco-v1_RECO/']
DEBUG 2015-06-11 18:20:19,664: 	 CRABClient version: 3.3.1506
DEBUG 2015-06-11 18:20:19,665: 	 Instance is prod
DEBUG 2015-06-11 18:20:19,665: 	 Server base url is cmsweb.cern.ch
DEBUG 2015-06-11 18:20:19,665: 	 Command url /crabserver/prod/workflow
DEBUG 2015-06-11 18:20:19,665: 	 Killing task 150611_161219:cheidegg_crab_ZeroBias8_Run2015A-PromptReco-v1_RECO
DEBUG 2015-06-11 18:20:20,116: 	 Result: {'result': [{'result': 'ok'}], 'desc': {'columns': ['tm_taskname', 'panda_jobset_id', 'tm_task_status', 'tm_user_role', 'tm_user_group', 'tm_task_failure', 'tm_split_args', 'panda_resubmitted_jobs', 'tm_save_logs', 'tm_username', 'tm_user_dn', 'tm_arguments', 'tm_input_dataset', 'tm_dbs_url', 'tm_task_warnings', 'tm_publication', 'tm_user_webdir', 'tm_asourl', 'tm_output_dataset', 'tm_collector', 'tm_schedd', 'tm_dry_run']}}
INFO 2015-06-11 18:20:20,117: 	 Kill request successfully sent
DEBUG 2015-06-11 18:20:23,117: 	 Executing command: 'status'
DEBUG 2015-06-11 18:20:23,117: 	 Found CRAB cache file /afs/cern.ch/user/c/cheidegg/.crab3
DEBUG 2015-06-11 18:20:23,125: 	 Checking credentials
DEBUG 2015-06-11 18:20:23,125: 	 Found proxy file /tmp/x509up_u66803
DEBUG 2015-06-11 18:20:23,125: 	 Getting proxy life time left
DEBUG 2015-06-11 18:20:23,635: 	 Executing : 
 command : voms-proxy-info -file /tmp/x509up_u66803 -timeleft
 output : 85835

 error: 
 retcode : 0
DEBUG 2015-06-11 18:20:24,239: 	 Executing : 
 command : voms-proxy-info -file /tmp/x509up_u66803 -actimeleft
 output : 85834

 error: 
 retcode : 0
DEBUG 2015-06-11 18:20:24,240: 	 Proxy valid for 23:50:35 hours
DEBUG 2015-06-11 18:20:24,351: 	 Executing : 
 command : openssl x509 -in ~/.globus/usercert.pem -subject -noout
 output : subject= /DC=ch/DC=cern/OU=Organic Units/OU=Users/CN=cheidegg/CN=756816/CN=Constantin Heidegger

 error: WARNING: can't open config file: /build/dmwmbld/srv/state/dmwmbld/builds/comp_gcc481/w/tmp/BUILDROOT/779a792f862039a4ebba572299ebbb36/build/dmwmbld/srv/state/dmwmbld/builds/comp_gcc481/w/slc6_amd64_gcc481/external/openssl/1.0.1m-comp/ssl/openssl.cnf

 retcode : 0
DEBUG 2015-06-11 18:20:24,352: 	 Checking credentials
DEBUG 2015-06-11 18:20:24,352: 	 Found proxy file /tmp/x509up_u66803
DEBUG 2015-06-11 18:20:24,352: 	 Getting proxy life time left
DEBUG 2015-06-11 18:20:24,757: 	 Executing : 
 command : voms-proxy-info -file /tmp/x509up_u66803 -timeleft
 output : 85834

 error: 
 retcode : 0
DEBUG 2015-06-11 18:20:25,265: 	 Executing : 
 command : voms-proxy-info -file /tmp/x509up_u66803 -actimeleft
 output : 85833

 error: 
 retcode : 0
DEBUG 2015-06-11 18:20:25,265: 	 Proxy valid for 23:50:34 hours
DEBUG 2015-06-11 18:20:25,546: 	 Registering user credentials for server /DC=ch/DC=cern/OU=computers/CN=vocms(045|052|021|031).cern.ch
DEBUG 2015-06-11 18:20:25,660: 	 Executing : 
 command : openssl x509 -in ~/.globus/usercert.pem -subject -noout
 output : subject= /DC=ch/DC=cern/OU=Organic Units/OU=Users/CN=cheidegg/CN=756816/CN=Constantin Heidegger

 error: WARNING: can't open config file: /build/dmwmbld/srv/state/dmwmbld/builds/comp_gcc481/w/tmp/BUILDROOT/779a792f862039a4ebba572299ebbb36/build/dmwmbld/srv/state/dmwmbld/builds/comp_gcc481/w/slc6_amd64_gcc481/external/openssl/1.0.1m-comp/ssl/openssl.cnf

 retcode : 0
DEBUG 2015-06-11 18:20:25,660: 	 Getting myproxy life time left for myproxy.cern.ch
DEBUG 2015-06-11 18:20:25,660: 	 Calculating hash of /DC=ch/DC=cern/OU=Organic Units/OU=Users/CN=cheidegg/CN=756816/CN=Constantin Heidegger_cmsweb.cern.ch for credential name
DEBUG 2015-06-11 18:20:26,066: 	 Executing : 
 command : myproxy-info -l 7faaffd8954819267d7c126a4d20774bc88ab24e -s myproxy.cern.ch
 output : username: 7faaffd8954819267d7c126a4d20774bc88ab24e
owner: /DC=ch/DC=cern/OU=Organic Units/OU=Users/CN=cheidegg/CN=756816/CN=Constantin Heidegger
  renewal policy: /DC=ch/DC=cern/OU=computers/CN=vocms(045|052|021|031).cern.ch
  trusted retrieval policy: /DC=ch/DC=cern/OU=computers/CN=vocms(045|052|021|031).cern.ch
  timeleft: 646:35:46  (26.9 days)

 error: 
 retcode : 0
DEBUG 2015-06-11 18:20:26,067: 	 Myproxy is valid: 2327746
DEBUG 2015-06-11 18:20:26,068: 	 Command use: status
DEBUG 2015-06-11 18:20:26,068: 	 Options use: []
DEBUG 2015-06-11 18:20:26,333: 	 CRABClient version: 3.3.1506
DEBUG 2015-06-11 18:20:26,333: 	 Instance is prod
DEBUG 2015-06-11 18:20:26,333: 	 Server base url is cmsweb.cern.ch
DEBUG 2015-06-11 18:20:26,333: 	 Command url /crabserver/prod/workflow
DEBUG 2015-06-11 18:20:26,333: 	 Looking up detailed status of task 150611_161219:cheidegg_crab_ZeroBias8_Run2015A-PromptReco-v1_RECO
DEBUG 2015-06-11 18:20:26,550: 	 {'status': 'KILL', 'schedd': '', 'saveLogs': 'F', 'totalJobdefs': 0, 'jobSetID': '', 'jobsPerStatus': {}, 'taskWarningMsg': [], 'taskFailureMsg': '', 'failedJobdefs': 0, 'jobdefErrors': [], 'collector': '', 'jobList': []}
INFO 2015-06-11 18:20:26,551: 	 CRAB project directory:		/afs/cern.ch/user/c/cheidegg/p/CMSSW_7_4_4_patch2/src/MetScanning/skim/crab/2015-06-12_runa_flat/crab_ZeroBias8_Run2015A-PromptReco-v1_RECO
INFO 2015-06-11 18:20:26,551: 	 Task name:			150611_161219:cheidegg_crab_ZeroBias8_Run2015A-PromptReco-v1_RECO
INFO 2015-06-11 18:20:26,551: 	 Task status:			KILL
INFO 2015-06-11 18:20:26,551: 	 
No jobs created yet!
